<?xml version="1.0" encoding="UTF-8"?>
<testng-results skipped="0" failed="0" total="5" passed="5">
  <reporter-output>
  </reporter-output>
  <suite name="Default suite" duration-ms="84" started-at="2019-09-12T22:42:26Z" finished-at="2019-09-12T22:42:26Z">
    <groups>
      <group name="Smoke">
        <method signature="Day3.MobileLoginCarLoan()[pri:0, instance:Test.Day3@3c09711b]" name="MobileLoginCarLoan" class="Test.Day3"/>
      </group> <!-- Smoke -->
      <group name="First">
        <method signature="Day3.MobileSignInCarLoan()[pri:0, instance:Test.Day3@3c09711b]" name="MobileSignInCarLoan" class="Test.Day3"/>
        <method signature="Day3.WebLoginCarLoan()[pri:0, instance:Test.Day3@3c09711b]" name="WebLoginCarLoan" class="Test.Day3"/>
      </group> <!-- First -->
    </groups>
    <test name="Default test" duration-ms="84" started-at="2019-09-12T22:42:26Z" finished-at="2019-09-12T22:42:26Z">
      <class name="Test.Day3">
        <test-method status="PASS" signature="MobileLoginCarLoan()[pri:0, instance:Test.Day3@3c09711b]" name="MobileLoginCarLoan" duration-ms="17" started-at="2019-09-12T15:42:26Z" finished-at="2019-09-12T15:42:26Z">
          <reporter-output>
          </reporter-output>
        </test-method> <!-- MobileLoginCarLoan -->
        <test-method status="PASS" signature="MobileSignInCarLoan()[pri:0, instance:Test.Day3@3c09711b]" name="MobileSignInCarLoan" duration-ms="4" started-at="2019-09-12T15:42:26Z" finished-at="2019-09-12T15:42:26Z">
          <reporter-output>
          </reporter-output>
        </test-method> <!-- MobileSignInCarLoan -->
        <test-method status="PASS" signature="MobileSignOutCarLoan()[pri:0, instance:Test.Day3@3c09711b]" name="MobileSignOutCarLoan" duration-ms="2" started-at="2019-09-12T15:42:26Z" finished-at="2019-09-12T15:42:26Z">
          <reporter-output>
          </reporter-output>
        </test-method> <!-- MobileSignOutCarLoan -->
        <test-method status="PASS" signature="WebLoginCarLoan()[pri:0, instance:Test.Day3@3c09711b]" name="WebLoginCarLoan" duration-ms="3" started-at="2019-09-12T15:42:26Z" finished-at="2019-09-12T15:42:26Z">
          <reporter-output>
          </reporter-output>
        </test-method> <!-- WebLoginCarLoan -->
        <test-method status="PASS" signature="LoginAPICarLoan()[pri:0, instance:Test.Day3@3c09711b]" name="LoginAPICarLoan" duration-ms="3" started-at="2019-09-12T15:42:26Z" depends-on-methods="Test.Day3.MobileLoginCarLoan, Test.Day3.MobileSignInCarLoan" finished-at="2019-09-12T15:42:26Z">
          <reporter-output>
          </reporter-output>
        </test-method> <!-- LoginAPICarLoan -->
      </class> <!-- Test.Day3 -->
    </test> <!-- Default test -->
  </suite> <!-- Default suite -->
</testng-results>
