<?xml version="1.0" encoding="UTF-8"?>
<!-- Generated by org.testng.reporters.JUnitXMLReporter -->
<testsuite hostname="DESKTOP-QGORIKD" name="Sales Department" tests="11" failures="0" timestamp="11 Sep 2019 23:10:34 GMT" time="0.147" errors="0">
  <testcase name="Demo" time="0.019" classname="Test.Day1"/>
  <testcase name="Demo_2" time="0.005" classname="Test.Day1"/>
  <testcase name="Test_3" time="0.002" classname="Test.Day2"/>
  <testcase name="LoginAPICarLoan" time="0.004" classname="Test.Day3"/>
  <testcase name="MobileLoginCarLoan" time="0.006" classname="Test.Day3"/>
  <testcase name="MobileSignInCarLoan" time="0.01" classname="Test.Day3"/>
  <testcase name="MobileSignOutCarLoan" time="0.003" classname="Test.Day3"/>
  <testcase name="WebLoginCarLoan" time="0.004" classname="Test.Day3"/>
  <testcase name="LoginAPIHomeLoan" time="0.003" classname="Test.Day4"/>
  <testcase name="MobileLoginHomeLoan" time="0.003" classname="Test.Day4"/>
  <testcase name="WebLoginHomeLoan" time="0.003" classname="Test.Day4"/>
</testsuite> <!-- Sales Department -->
