<?xml version="1.0" encoding="UTF-8"?>
<!-- Generated by org.testng.reporters.JUnitXMLReporter -->
<testsuite hostname="DESKTOP-QGORIKD" name="Sales Department" tests="13" failures="0" timestamp="16 Sep 2019 22:21:32 GMT" time="0.14" errors="0">
  <testcase name="Demo" time="0.011" classname="Test.Day1"/>
  <testcase name="Demo_2" time="0.003" classname="Test.Day1"/>
  <testcase name="Test_3" time="0.002" classname="Test.Day2"/>
  <testcase name="MobileLoginCarLoan" time="0.004" classname="Test.Day3"/>
  <testcase name="MobileSignInCarLoan" time="0.003" classname="Test.Day3"/>
  <testcase name="MobileSignOutCarLoan" time="0.004" classname="Test.Day3"/>
  <testcase name="MobileSignOutCarLoan" time="0.009" classname="Test.Day3"/>
  <testcase name="MobileSignOutCarLoan" time="0.003" classname="Test.Day3"/>
  <testcase name="WebLoginCarLoan" time="0.001" classname="Test.Day3"/>
  <testcase name="LoginAPICarLoan" time="0.001" classname="Test.Day3"/>
  <testcase name="LoginAPIHomeLoan" time="0.002" classname="Test.Day4"/>
  <testcase name="MobileLoginHomeLoan" time="0.001" classname="Test.Day4"/>
  <testcase name="WebLoginHomeLoan" time="0.003" classname="Test.Day4"/>
</testsuite> <!-- Sales Department -->
