<?xml version="1.0" encoding="UTF-8"?>
<!-- Generated by org.testng.reporters.JUnitXMLReporter -->
<testsuite hostname="DESKTOP-QGORIKD" name="Default test" tests="3" failures="0" timestamp="16 Sep 2019 22:42:06 GMT" time="0.063" errors="0">
  <testcase name="MobileSignOutCarLoan" time="0.012" classname="Test.Day31"/>
  <testcase name="MobileSignOutCarLoan" time="0.003" classname="Test.Day31"/>
  <testcase name="MobileSignOutCarLoan" time="0.002" classname="Test.Day31"/>
</testsuite> <!-- Default test -->
