<?xml version="1.0" encoding="UTF-8"?>
<!-- Generated by org.testng.reporters.JUnitXMLReporter -->
<testsuite hostname="DESKTOP-QGORIKD" name="Test" tests="5" failures="0" timestamp="12 Sep 2019 19:07:20 GMT" time="0.074" errors="0">
  <testcase name="Demo" time="0.009" classname="Test.Day1"/>
  <testcase name="Test_3" time="0.006" classname="Test.Day2"/>
  <testcase name="LoginAPIHomeLoan" time="0.004" classname="Test.Day4"/>
  <testcase name="MobileLoginHomeLoan" time="0.006" classname="Test.Day4"/>
  <testcase name="WebLoginHomeLoan" time="0.005" classname="Test.Day4"/>
</testsuite> <!-- Test -->
